<?xml version="1.0" encoding="UTF-8"?>
<!-- Generated by org.testng.reporters.JUnitReportReporter -->
<testsuite hostname="DESKTOP-82TN6TG" name="com.mobiltyfon.scripts.TestInValidLoginPage" tests="6" failures="0" timestamp="12 Feb 2020 18:19:50 GMT" time="43.601" errors="0">
  <testcase name="validLoginPage" time="3.249" classname="com.mobiltyfon.scripts.TestInValidLoginPage"/>
  <testcase name="validLoginPage" time="17.627" classname="com.mobiltyfon.scripts.TestInValidLoginPage"/>
  <testcase name="validLoginPage" time="2.999" classname="com.mobiltyfon.scripts.TestInValidLoginPage"/>
  <testcase name="validLoginPage" time="8.207" classname="com.mobiltyfon.scripts.TestInValidLoginPage"/>
  <testcase name="validLoginPage" time="3.873" classname="com.mobiltyfon.scripts.TestInValidLoginPage"/>
  <testcase name="validLoginPage" time="7.646" classname="com.mobiltyfon.scripts.TestInValidLoginPage"/>
</testsuite> <!-- com.mobiltyfon.scripts.TestInValidLoginPage -->
