<?xml version="1.0" encoding="UTF-8"?>
<!-- Generated by org.testng.reporters.JUnitReportReporter -->
<testsuite skipped="0" hostname="DESKTOP-82TN6TG" name="com.mobiltyfon.scripts.TestLoginPage" tests="1" failures="0" timestamp="2020-02-11T21:34:39 IST" time="72.613" errors="0">
  <testcase name="validLoginPage" time="72.613" classname="com.mobiltyfon.scripts.TestLoginPage"/>
  <system-out/>
</testsuite> <!-- com.mobiltyfon.scripts.TestLoginPage -->
